<?xml version="1.0" encoding="UTF-8"?>
<testng-results ignored="0" total="1" passed="1" failed="0" skipped="0">
  <reporter-output>
  </reporter-output>
  <suite started-at="2024-02-27T13:57:20 IST" name="Default suite" finished-at="2024-02-27T13:57:34 IST" duration-ms="13746">
    <groups>
    </groups>
    <test started-at="2024-02-27T13:57:20 IST" name="Default test" finished-at="2024-02-27T13:57:34 IST" duration-ms="13746">
      <class name="Axis.DataDrivenTesting.WriteToExcel">
        <test-method signature="fblogin()[pri:0, instance:Axis.DataDrivenTesting.WriteToExcel@16d04d3d]" started-at="2024-02-27T13:57:20 IST" name="fblogin" finished-at="2024-02-27T13:57:34 IST" duration-ms="13697" status="PASS">
          <reporter-output>
          </reporter-output>
        </test-method> <!-- fblogin -->
      </class> <!-- Axis.DataDrivenTesting.WriteToExcel -->
    </test> <!-- Default test -->
  </suite> <!-- Default suite -->
</testng-results>
